
  .   ____          _            __ _ _
 /\\ / ___'_ __ _ _(_)_ __  __ _ \ \ \ \
( ( )\___ | '_ | '_| | '_ \/ _` | \ \ \ \
 \\/  ___)| |_)| | | | | || (_| |  ) ) ) )
  '  |____| .__|_| |_|_| |_\__, | / / / /
 =========|_|==============|___/=/_/_/_/

 :: Spring Boot ::                (v3.5.7)

2025-10-29T16:41:22.746-05:00  INFO 7684 --- [           main] com.example.backend.BackendApplication   : Starting BackendApplication using Java 21.0.9 with PID 7684 (C:\Users\alicoa\Desktop\Axel\kconnect\backend\target\classes started by alicoa in C:\Users\alicoa\Desktop\Axel\kconnect\backend)
2025-10-29T16:41:22.748-05:00  INFO 7684 --- [           main] com.example.backend.BackendApplication   : No active profile set, falling back to 1 default profile: "default"
2025-10-29T16:41:23.665-05:00  INFO 7684 --- [           main] .s.d.r.c.RepositoryConfigurationDelegate : Bootstrapping Spring Data JPA repositories in DEFAULT mode.
2025-10-29T16:41:23.739-05:00  INFO 7684 --- [           main] .s.d.r.c.RepositoryConfigurationDelegate : Finished Spring Data repository scanning in 63 ms. Found 3 JPA repository interfaces.
2025-10-29T16:41:24.392-05:00  INFO 7684 --- [           main] o.s.b.w.embedded.tomcat.TomcatWebServer  : Tomcat initialized with port 8080 (http)
2025-10-29T16:41:24.405-05:00  INFO 7684 --- [           main] o.apache.catalina.core.StandardService   : Starting service [Tomcat]
2025-10-29T16:41:24.405-05:00  INFO 7684 --- [           main] o.apache.catalina.core.StandardEngine    : Starting Servlet engine: [Apache Tomcat/10.1.48]
2025-10-29T16:41:24.463-05:00  INFO 7684 --- [           main] o.a.c.c.C.[.[localhost].[/kconnect]      : Initializing Spring embedded WebApplicationContext
2025-10-29T16:41:24.464-05:00  INFO 7684 --- [           main] w.s.c.ServletWebServerApplicationContext : Root WebApplicationContext: initialization completed in 1655 ms
2025-10-29T16:41:24.607-05:00 DEBUG 7684 --- [           main] j.LocalContainerEntityManagerFactoryBean : Building JPA container EntityManagerFactory for persistence unit 'default'
2025-10-29T16:41:24.626-05:00  INFO 7684 --- [           main] o.hibernate.jpa.internal.util.LogHelper  : HHH000204: Processing PersistenceUnitInfo [name: default]
2025-10-29T16:41:24.678-05:00  INFO 7684 --- [           main] org.hibernate.Version                    : HHH000412: Hibernate ORM core version 6.6.33.Final
2025-10-29T16:41:24.707-05:00  INFO 7684 --- [           main] o.h.c.internal.RegionFactoryInitiator    : HHH000026: Second-level cache disabled
2025-10-29T16:41:24.969-05:00  INFO 7684 --- [           main] o.s.o.j.p.SpringPersistenceUnitInfo      : No LoadTimeWeaver setup: ignoring JPA class transformer
2025-10-29T16:41:25.000-05:00  INFO 7684 --- [           main] com.zaxxer.hikari.HikariDataSource       : HikariPool-1 - Starting...
2025-10-29T16:41:25.282-05:00  INFO 7684 --- [           main] com.zaxxer.hikari.pool.HikariPool        : HikariPool-1 - Added connection org.postgresql.jdbc.PgConnection@22aefae0
2025-10-29T16:41:25.284-05:00  INFO 7684 --- [           main] com.zaxxer.hikari.HikariDataSource       : HikariPool-1 - Start completed.
2025-10-29T16:41:25.344-05:00  INFO 7684 --- [           main] org.hibernate.orm.connections.pooling    : HHH10001005: Database info:
	Database JDBC URL [Connecting through datasource 'HikariDataSource (HikariPool-1)']
	Database driver: undefined/unknown
	Database version: 18.0
	Autocommit mode: undefined/unknown
	Isolation level: undefined/unknown
	Minimum pool size: undefined/unknown
	Maximum pool size: undefined/unknown
2025-10-29T16:41:26.301-05:00  INFO 7684 --- [           main] o.h.e.t.j.p.i.JtaPlatformInitiator       : HHH000489: No JTA platform available (set 'hibernate.transaction.jta.platform' to enable JTA platform integration)
2025-10-29T16:41:26.404-05:00  INFO 7684 --- [           main] j.LocalContainerEntityManagerFactoryBean : Initialized JPA EntityManagerFactory for persistence unit 'default'
2025-10-29T16:41:26.857-05:00  INFO 7684 --- [           main] r$InitializeUserDetailsManagerConfigurer : Global AuthenticationManager configured with UserDetailsService bean with name customUserDetailsService
2025-10-29T16:41:27.054-05:00  WARN 7684 --- [           main] JpaBaseConfiguration$JpaWebConfiguration : spring.jpa.open-in-view is enabled by default. Therefore, database queries may be performed during view rendering. Explicitly configure spring.jpa.open-in-view to disable this warning
2025-10-29T16:41:27.385-05:00 DEBUG 7684 --- [           main] o.s.s.web.DefaultSecurityFilterChain     : Will secure any request with filters: DisableEncodeUrlFilter, WebAsyncManagerIntegrationFilter, SecurityContextHolderFilter, HeaderWriterFilter, CorsFilter, LogoutFilter, JwtAuthFilter, RequestCacheAwareFilter, SecurityContextHolderAwareRequestFilter, AnonymousAuthenticationFilter, SessionManagementFilter, ExceptionTranslationFilter, AuthorizationFilter
2025-10-29T16:41:27.693-05:00  INFO 7684 --- [           main] o.s.b.w.embedded.tomcat.TomcatWebServer  : Tomcat started on port 8080 (http) with context path '/kconnect'
2025-10-29T16:41:27.702-05:00  INFO 7684 --- [           main] com.example.backend.BackendApplication   : Started BackendApplication in 5.413 seconds (process running for 5.78)
2025-10-29T16:41:27.708-05:00 DEBUG 7684 --- [           main] o.s.orm.jpa.JpaTransactionManager        : Creating new transaction with name [org.springframework.data.jpa.repository.support.SimpleJpaRepository.count]: PROPAGATION_REQUIRED,ISOLATION_DEFAULT,readOnly
2025-10-29T16:41:27.709-05:00 DEBUG 7684 --- [           main] o.s.orm.jpa.JpaTransactionManager        : Opened new EntityManager [SessionImpl(1586433108<open>)] for JPA transaction
2025-10-29T16:41:27.713-05:00 DEBUG 7684 --- [           main] o.s.orm.jpa.JpaTransactionManager        : Exposing JPA transaction as JDBC [org.springframework.orm.jpa.vendor.HibernateJpaDialect$HibernateConnectionHandle@6179af64]
2025-10-29T16:41:27.994-05:00 DEBUG 7684 --- [           main] org.hibernate.SQL                        : select count(*) from department d1_0
Hibernate: select count(*) from department d1_0
2025-10-29T16:41:28.006-05:00 DEBUG 7684 --- [           main] o.s.orm.jpa.JpaTransactionManager        : Initiating transaction commit
2025-10-29T16:41:28.006-05:00 DEBUG 7684 --- [           main] o.s.orm.jpa.JpaTransactionManager        : Committing JPA transaction on EntityManager [SessionImpl(1586433108<open>)]
2025-10-29T16:41:28.007-05:00 DEBUG 7684 --- [           main] o.s.orm.jpa.JpaTransactionManager        : Closing JPA EntityManager [SessionImpl(1586433108<open>)] after transaction
2025-10-29T16:41:28.008-05:00 DEBUG 7684 --- [           main] o.s.orm.jpa.JpaTransactionManager        : Creating new transaction with name [org.springframework.data.jpa.repository.support.SimpleJpaRepository.findAll]: PROPAGATION_REQUIRED,ISOLATION_DEFAULT,readOnly
2025-10-29T16:41:28.008-05:00 DEBUG 7684 --- [           main] o.s.orm.jpa.JpaTransactionManager        : Opened new EntityManager [SessionImpl(781454800<open>)] for JPA transaction
2025-10-29T16:41:28.008-05:00 DEBUG 7684 --- [           main] o.s.orm.jpa.JpaTransactionManager        : Exposing JPA transaction as JDBC [org.springframework.orm.jpa.vendor.HibernateJpaDialect$HibernateConnectionHandle@24a4e9c0]
2025-10-29T16:41:28.019-05:00 DEBUG 7684 --- [           main] org.hibernate.SQL                        : select d1_0.id,d1_0.created_at,d1_0.description,d1_0.name from department d1_0
Hibernate: select d1_0.id,d1_0.created_at,d1_0.description,d1_0.name from department d1_0
2025-10-29T16:41:28.038-05:00 DEBUG 7684 --- [           main] o.s.orm.jpa.JpaTransactionManager        : Initiating transaction commit
2025-10-29T16:41:28.038-05:00 DEBUG 7684 --- [           main] o.s.orm.jpa.JpaTransactionManager        : Committing JPA transaction on EntityManager [SessionImpl(781454800<open>)]
2025-10-29T16:41:28.038-05:00 DEBUG 7684 --- [           main] o.s.orm.jpa.JpaTransactionManager        : Closing JPA EntityManager [SessionImpl(781454800<open>)] after transaction
2025-10-29T16:41:28.042-05:00 DEBUG 7684 --- [           main] tor$SharedEntityManagerInvocationHandler : Creating new EntityManager for shared EntityManager invocation
2025-10-29T16:41:28.080-05:00 DEBUG 7684 --- [           main] org.hibernate.SQL                        : select e1_0.id,e1_0.department_id,e1_0.email,e1_0.full_name,e1_0.hire_date,e1_0.password,e1_0.role from employees e1_0 where e1_0.email=?
Hibernate: select e1_0.id,e1_0.department_id,e1_0.email,e1_0.full_name,e1_0.hire_date,e1_0.password,e1_0.role from employees e1_0 where e1_0.email=?
2025-10-29T16:41:28.080-05:00 TRACE 7684 --- [           main] org.hibernate.orm.jdbc.bind              : binding parameter (1:VARCHAR) <- [admin@kconnect.io]
2025-10-29T16:41:35.035-05:00  INFO 7684 --- [nio-8080-exec-1] o.a.c.c.C.[.[localhost].[/kconnect]      : Initializing Spring DispatcherServlet 'dispatcherServlet'
2025-10-29T16:41:35.036-05:00  INFO 7684 --- [nio-8080-exec-1] o.s.web.servlet.DispatcherServlet        : Initializing Servlet 'dispatcherServlet'
2025-10-29T16:41:35.037-05:00  INFO 7684 --- [nio-8080-exec-1] o.s.web.servlet.DispatcherServlet        : Completed initialization in 0 ms
2025-10-29T16:41:35.052-05:00 DEBUG 7684 --- [nio-8080-exec-1] o.s.security.web.FilterChainProxy        : Securing POST /auth/register
2025-10-29T16:41:35.057-05:00 DEBUG 7684 --- [nio-8080-exec-1] o.s.s.w.a.AnonymousAuthenticationFilter  : Set SecurityContextHolder to anonymous SecurityContext
2025-10-29T16:41:35.060-05:00 DEBUG 7684 --- [nio-8080-exec-1] o.s.security.web.FilterChainProxy        : Secured POST /auth/register
2025-10-29T16:41:35.063-05:00 DEBUG 7684 --- [nio-8080-exec-1] o.j.s.OpenEntityManagerInViewInterceptor : Opening JPA EntityManager in OpenEntityManagerInViewInterceptor
2025-10-29T16:41:35.175-05:00 DEBUG 7684 --- [nio-8080-exec-1] org.hibernate.SQL                        : select e1_0.id,e1_0.department_id,e1_0.email,e1_0.full_name,e1_0.hire_date,e1_0.password,e1_0.role from employees e1_0 where e1_0.email=?
Hibernate: select e1_0.id,e1_0.department_id,e1_0.email,e1_0.full_name,e1_0.hire_date,e1_0.password,e1_0.role from employees e1_0 where e1_0.email=?
2025-10-29T16:41:35.176-05:00 TRACE 7684 --- [nio-8080-exec-1] org.hibernate.orm.jdbc.bind              : binding parameter (1:VARCHAR) <- [debug_1761774094@example.com]
2025-10-29T16:41:35.257-05:00 DEBUG 7684 --- [nio-8080-exec-1] o.s.orm.jpa.JpaTransactionManager        : Found thread-bound EntityManager [SessionImpl(1142148296<open>)] for JPA transaction
2025-10-29T16:41:35.258-05:00 DEBUG 7684 --- [nio-8080-exec-1] o.s.orm.jpa.JpaTransactionManager        : Creating new transaction with name [org.springframework.data.jpa.repository.support.SimpleJpaRepository.save]: PROPAGATION_REQUIRED,ISOLATION_DEFAULT
2025-10-29T16:41:35.258-05:00 DEBUG 7684 --- [nio-8080-exec-1] o.s.orm.jpa.JpaTransactionManager        : Exposing JPA transaction as JDBC [org.springframework.orm.jpa.vendor.HibernateJpaDialect$HibernateConnectionHandle@7b472a3e]
2025-10-29T16:41:35.288-05:00 DEBUG 7684 --- [nio-8080-exec-1] org.hibernate.SQL                        : insert into employees (department_id,email,full_name,hire_date,password,role) values (?,?,?,?,?,?)
Hibernate: insert into employees (department_id,email,full_name,hire_date,password,role) values (?,?,?,?,?,?)
2025-10-29T16:41:35.292-05:00 TRACE 7684 --- [nio-8080-exec-1] org.hibernate.orm.jdbc.bind              : binding parameter (1:BIGINT) <- [null]
2025-10-29T16:41:35.292-05:00 TRACE 7684 --- [nio-8080-exec-1] org.hibernate.orm.jdbc.bind              : binding parameter (2:VARCHAR) <- [debug_1761774094@example.com]
2025-10-29T16:41:35.292-05:00 TRACE 7684 --- [nio-8080-exec-1] org.hibernate.orm.jdbc.bind              : binding parameter (3:VARCHAR) <- [Debug User]
2025-10-29T16:41:35.292-05:00 TRACE 7684 --- [nio-8080-exec-1] org.hibernate.orm.jdbc.bind              : binding parameter (4:DATE) <- [null]
2025-10-29T16:41:35.292-05:00 TRACE 7684 --- [nio-8080-exec-1] org.hibernate.orm.jdbc.bind              : binding parameter (5:VARCHAR) <- [$2a$10$jl7XBFZUG.bHLtcJ0fGGRuY2tnn3YDIEMvMEA.WpUWJPfkpiw7tKK]
2025-10-29T16:41:35.292-05:00 TRACE 7684 --- [nio-8080-exec-1] org.hibernate.orm.jdbc.bind              : binding parameter (6:VARCHAR) <- [EMPLOYEE]
2025-10-29T16:41:35.305-05:00 DEBUG 7684 --- [nio-8080-exec-1] o.s.orm.jpa.JpaTransactionManager        : Initiating transaction commit
2025-10-29T16:41:35.305-05:00 DEBUG 7684 --- [nio-8080-exec-1] o.s.orm.jpa.JpaTransactionManager        : Committing JPA transaction on EntityManager [SessionImpl(1142148296<open>)]
2025-10-29T16:41:35.312-05:00 DEBUG 7684 --- [nio-8080-exec-1] o.s.orm.jpa.JpaTransactionManager        : Not closing pre-bound JPA EntityManager after transaction
2025-10-29T16:41:35.364-05:00 DEBUG 7684 --- [nio-8080-exec-1] o.j.s.OpenEntityManagerInViewInterceptor : Closing JPA EntityManager in OpenEntityManagerInViewInterceptor
2025-10-29T16:41:35.449-05:00 DEBUG 7684 --- [nio-8080-exec-2] o.s.security.web.FilterChainProxy        : Securing POST /auth/login
2025-10-29T16:41:35.449-05:00 DEBUG 7684 --- [nio-8080-exec-2] o.s.s.w.a.AnonymousAuthenticationFilter  : Set SecurityContextHolder to anonymous SecurityContext
2025-10-29T16:41:35.449-05:00 DEBUG 7684 --- [nio-8080-exec-2] o.s.security.web.FilterChainProxy        : Secured POST /auth/login
2025-10-29T16:41:35.450-05:00 DEBUG 7684 --- [nio-8080-exec-2] o.j.s.OpenEntityManagerInViewInterceptor : Opening JPA EntityManager in OpenEntityManagerInViewInterceptor
2025-10-29T16:41:35.528-05:00 DEBUG 7684 --- [nio-8080-exec-2] org.hibernate.SQL                        : select e1_0.id,e1_0.department_id,e1_0.email,e1_0.full_name,e1_0.hire_date,e1_0.password,e1_0.role from employees e1_0 where e1_0.email=?
Hibernate: select e1_0.id,e1_0.department_id,e1_0.email,e1_0.full_name,e1_0.hire_date,e1_0.password,e1_0.role from employees e1_0 where e1_0.email=?
2025-10-29T16:41:35.528-05:00 TRACE 7684 --- [nio-8080-exec-2] org.hibernate.orm.jdbc.bind              : binding parameter (1:VARCHAR) <- [debug_1761774094@example.com]
2025-10-29T16:41:35.603-05:00 DEBUG 7684 --- [nio-8080-exec-2] o.s.s.a.dao.DaoAuthenticationProvider    : Authenticated user
2025-10-29T16:41:35.604-05:00 DEBUG 7684 --- [nio-8080-exec-2] org.hibernate.SQL                        : select e1_0.id,e1_0.department_id,e1_0.email,e1_0.full_name,e1_0.hire_date,e1_0.password,e1_0.role from employees e1_0 where e1_0.email=?
Hibernate: select e1_0.id,e1_0.department_id,e1_0.email,e1_0.full_name,e1_0.hire_date,e1_0.password,e1_0.role from employees e1_0 where e1_0.email=?
2025-10-29T16:41:35.604-05:00 TRACE 7684 --- [nio-8080-exec-2] org.hibernate.orm.jdbc.bind              : binding parameter (1:VARCHAR) <- [debug_1761774094@example.com]
2025-10-29T16:41:35.608-05:00 DEBUG 7684 --- [nio-8080-exec-2] o.j.s.OpenEntityManagerInViewInterceptor : Closing JPA EntityManager in OpenEntityManagerInViewInterceptor
[ERROR] Failed to execute goal org.springframework.boot:spring-boot-maven-plugin:3.5.7:run (default-cli) on project demo: Process terminated with exit code: 143 -> [Help 1]
[ERROR] 
[ERROR] To see the full stack trace of the errors, re-run Maven with the -e switch.
[ERROR] Re-run Maven using the -X switch to enable full debug logging.
[ERROR] 
[ERROR] For more information about the errors and possible solutions, please read the following articles:
[ERROR] [Help 1] http://cwiki.apache.org/confluence/display/MAVEN/MojoExecutionException
